<?xml version="1.0" encoding="UTF-8"?>
<!-- Generated by org.testng.reporters.JUnitReportReporter -->
<testsuite hostname="jadi" failures="0" tests="2" name="testRunner.TestRunner" time="0.442" errors="0" timestamp="2022-01-04T15:05:11 IST" skipped="0">
  <testcase classname="testRunner.TestRunner" name="runScenario" time="0.392"/>
  <system-out/>
  <testcase classname="testRunner.TestRunner" name="runScenario" time="0.050"/>
  <system-out/>
</testsuite> <!-- testRunner.TestRunner -->
